F:\promact\WorkingONBoard\SplitwiseTypeApp\ExpenseDistributorApp\ExpenseDistributor\ExpenseDistributor.Web\App\SPA\dist\out-tsc\e2e\src\app.po.js
F:\promact\WorkingONBoard\SplitwiseTypeApp\ExpenseDistributorApp\ExpenseDistributor\ExpenseDistributor.Web\App\SPA\dist\out-tsc\e2e\src\app.po.js.map
F:\promact\WorkingONBoard\SplitwiseTypeApp\ExpenseDistributorApp\ExpenseDistributor\ExpenseDistributor.Web\App\SPA\dist\out-tsc\e2e\src\app.e2e-spec.js
F:\promact\WorkingONBoard\SplitwiseTypeApp\ExpenseDistributorApp\ExpenseDistributor\ExpenseDistributor.Web\App\SPA\dist\out-tsc\e2e\src\app.e2e-spec.js.map
F:\promact\WorkingONBoard\SplitwiseTypeApp\ExpenseDistributorApp\ExpenseDistributor\ExpenseDistributor.Web\App\SPA\dist\out-tsc\src\app\app-routing.module.js
F:\promact\WorkingONBoard\SplitwiseTypeApp\ExpenseDistributorApp\ExpenseDistributor\ExpenseDistributor.Web\App\SPA\dist\out-tsc\src\app\app-routing.module.js.map
F:\promact\WorkingONBoard\SplitwiseTypeApp\ExpenseDistributorApp\ExpenseDistributor\ExpenseDistributor.Web\App\SPA\dist\out-tsc\src\app\app.component.js
F:\promact\WorkingONBoard\SplitwiseTypeApp\ExpenseDistributorApp\ExpenseDistributor\ExpenseDistributor.Web\App\SPA\dist\out-tsc\src\app\app.component.js.map
F:\promact\WorkingONBoard\SplitwiseTypeApp\ExpenseDistributorApp\ExpenseDistributor\ExpenseDistributor.Web\App\SPA\dist\out-tsc\src\app\app.module.js
F:\promact\WorkingONBoard\SplitwiseTypeApp\ExpenseDistributorApp\ExpenseDistributor\ExpenseDistributor.Web\App\SPA\dist\out-tsc\src\app\app.module.js.map
F:\promact\WorkingONBoard\SplitwiseTypeApp\ExpenseDistributorApp\ExpenseDistributor\ExpenseDistributor.Web\App\SPA\dist\out-tsc\src\environments\environment.js
F:\promact\WorkingONBoard\SplitwiseTypeApp\ExpenseDistributorApp\ExpenseDistributor\ExpenseDistributor.Web\App\SPA\dist\out-tsc\src\environments\environment.js.map
F:\promact\WorkingONBoard\SplitwiseTypeApp\ExpenseDistributorApp\ExpenseDistributor\ExpenseDistributor.Web\App\SPA\dist\out-tsc\src\main.js
F:\promact\WorkingONBoard\SplitwiseTypeApp\ExpenseDistributorApp\ExpenseDistributor\ExpenseDistributor.Web\App\SPA\dist\out-tsc\src\main.js.map
F:\promact\WorkingONBoard\SplitwiseTypeApp\ExpenseDistributorApp\ExpenseDistributor\ExpenseDistributor.Web\App\SPA\dist\out-tsc\src\polyfills.js
F:\promact\WorkingONBoard\SplitwiseTypeApp\ExpenseDistributorApp\ExpenseDistributor\ExpenseDistributor.Web\App\SPA\dist\out-tsc\src\polyfills.js.map
F:\promact\WorkingONBoard\SplitwiseTypeApp\ExpenseDistributorApp\ExpenseDistributor\ExpenseDistributor.Web\App\SPA\dist\out-tsc\src\test.js
F:\promact\WorkingONBoard\SplitwiseTypeApp\ExpenseDistributorApp\ExpenseDistributor\ExpenseDistributor.Web\App\SPA\dist\out-tsc\src\test.js.map
F:\promact\WorkingONBoard\SplitwiseTypeApp\ExpenseDistributorApp\ExpenseDistributor\ExpenseDistributor.Web\App\SPA\dist\out-tsc\src\app\app.component.spec.js
F:\promact\WorkingONBoard\SplitwiseTypeApp\ExpenseDistributorApp\ExpenseDistributor\ExpenseDistributor.Web\App\SPA\dist\out-tsc\src\app\app.component.spec.js.map
F:\promact\WorkingONBoard\SplitwiseTypeApp\ExpenseDistributorApp\ExpenseDistributor\ExpenseDistributor.Web\App\SPA\dist\out-tsc\src\environments\environment.prod.js
F:\promact\WorkingONBoard\SplitwiseTypeApp\ExpenseDistributorApp\ExpenseDistributor\ExpenseDistributor.Web\App\SPA\dist\out-tsc\src\environments\environment.prod.js.map
